0 info it worked if it ends with ok
1 verbose cli [ 'node', '/usr/local/bin/npm', 'install', 'ata' ]
2 info using npm@1.4.3
3 info using node@v0.10.26
4 verbose cache add [ 'ata', null ]
5 verbose cache add name=undefined spec="ata" args=["ata",null]
6 verbose parsed url { protocol: null,
6 verbose parsed url   slashes: null,
6 verbose parsed url   auth: null,
6 verbose parsed url   host: null,
6 verbose parsed url   port: null,
6 verbose parsed url   hostname: null,
6 verbose parsed url   hash: null,
6 verbose parsed url   search: null,
6 verbose parsed url   query: null,
6 verbose parsed url   pathname: 'ata',
6 verbose parsed url   path: 'ata',
6 verbose parsed url   href: 'ata' }
7 silly lockFile fe3c03e0-ata ata
8 verbose lock ata /Users/ahmedemam/.npm/fe3c03e0-ata.lock
9 silly lockFile fe3c03e0-ata ata
10 silly lockFile fe3c03e0-ata ata
11 verbose addNamed [ 'ata', '' ]
12 verbose addNamed [ null, '*' ]
13 silly lockFile 8acc0206-ata ata@
14 verbose lock ata@ /Users/ahmedemam/.npm/8acc0206-ata.lock
15 silly addNameRange { name: 'ata', range: '*', hasData: false }
16 verbose url raw ata
17 verbose url resolving [ 'https://registry.npmjs.org/', './ata' ]
18 verbose url resolved https://registry.npmjs.org/ata
19 info trying registry request attempt 1 at 11:31:04
20 http GET https://registry.npmjs.org/ata
21 http 404 https://registry.npmjs.org/ata
22 silly registry.get cb [ 404,
22 silly registry.get   { date: 'Wed, 16 Jul 2014 08:31:05 GMT',
22 silly registry.get     server: 'CouchDB/1.5.0 (Erlang OTP/R14B04)',
22 silly registry.get     'content-type': 'application/json',
22 silly registry.get     'cache-control': 'max-age=0',
22 silly registry.get     'content-length': '52',
22 silly registry.get     'accept-ranges': 'bytes',
22 silly registry.get     via: '1.1 varnish',
22 silly registry.get     age: '0',
22 silly registry.get     'x-served-by': 'cache-sn88-SIN',
22 silly registry.get     'x-cache': 'MISS',
22 silly registry.get     'x-cache-hits': '0',
22 silly registry.get     'x-timer': 'S1405499465.008881,VS0,VE198',
22 silly registry.get     'keep-alive': 'timeout=10, max=50',
22 silly registry.get     connection: 'Keep-Alive' } ]
23 silly lockFile 8acc0206-ata ata@
24 silly lockFile 8acc0206-ata ata@
25 error 404 'ata' is not in the npm registry.
25 error 404 You should bug the author to publish it
25 error 404
25 error 404 Note that you can also install from a
25 error 404 tarball, folder, or http url, or git url.
26 error System Darwin 13.3.0
27 error command "node" "/usr/local/bin/npm" "install" "ata"
28 error cwd /Users/ahmedemam/Downloads/python-cjson-1.1.0
29 error node -v v0.10.26
30 error npm -v 1.4.3
31 error code E404
32 verbose exit [ 1, true ]
